0 info it worked if it ends with ok
1 verbose cli [ '/usr/local/bin/node',
1 verbose cli   '/usr/local/bin/npm',
1 verbose cli   'install',
1 verbose cli   '../toggler' ]
2 info using npm@3.8.6
3 info using node@v4.3.1
4 silly loadCurrentTree Starting
5 silly install loadCurrentTree
6 silly install readLocalPackageData
7 silly fetchPackageMetaData ../toggler
8 silly fetchOtherPackageData ../toggler
9 silly cache add args [ '../toggler', null ]
10 verbose cache add spec ../toggler
11 silly cache add parsed spec Result {
11 silly cache add   raw: '../toggler',
11 silly cache add   scope: null,
11 silly cache add   name: null,
11 silly cache add   rawSpec: '../toggler',
11 silly cache add   spec: '/Users/nicolasamabile/Desktop/toggler/toggler',
11 silly cache add   type: 'local' }
12 error addLocal Could not install /Users/nicolasamabile/Desktop/toggler/toggler
13 silly fetchPackageMetaData Error: ENOENT: no such file or directory, open '/Users/nicolasamabile/Desktop/toggler/toggler'
13 silly fetchPackageMetaData     at Error (native)
13 silly fetchPackageMetaData  error for ../toggler { [Error: ENOENT: no such file or directory, open '/Users/nicolasamabile/Desktop/toggler/toggler']
13 silly fetchPackageMetaData   errno: -2,
13 silly fetchPackageMetaData   code: 'ENOENT',
13 silly fetchPackageMetaData   syscall: 'open',
13 silly fetchPackageMetaData   path: '/Users/nicolasamabile/Desktop/toggler/toggler' }
14 silly rollbackFailedOptional Starting
15 silly rollbackFailedOptional Finishing
16 silly runTopLevelLifecycles Starting
17 silly runTopLevelLifecycles Finishing
18 silly install printInstalled
19 verbose stack Error: ENOENT: no such file or directory, open '/Users/nicolasamabile/Desktop/toggler/toggler'
19 verbose stack     at Error (native)
20 verbose cwd /Users/nicolasamabile/Desktop/toggler/some-other-folder
21 error Darwin 15.4.0
22 error argv "/usr/local/bin/node" "/usr/local/bin/npm" "install" "../toggler"
23 error node v4.3.1
24 error npm  v3.8.6
25 error path /Users/nicolasamabile/Desktop/toggler/toggler
26 error code ENOENT
27 error errno -2
28 error syscall open
29 error enoent ENOENT: no such file or directory, open '/Users/nicolasamabile/Desktop/toggler/toggler'
30 error enoent ENOENT: no such file or directory, open '/Users/nicolasamabile/Desktop/toggler/toggler'
30 error enoent This is most likely not a problem with npm itself
30 error enoent and is related to npm not being able to find a file.
31 verbose exit [ -2, true ]
